# JRE version: OpenJDK Runtime Environment (8.0_76-b03) (build 1.8.0_76-release-b03)
# Java VM: OpenJDK 64-Bit Server VM (25.76-b03 mixed mode windows-amd64 compressed oops)
Heap:
 PSYoungGen      total 130048K, used 50941K [0x00000000e0000000, 0x00000000ebb80000, 0x0000000100000000)
  eden space 108544K, 27% used [0x00000000e0000000,0x00000000e1cc0b90,0x00000000e6a00000)
  from space 21504K, 99% used [0x00000000e6a00000,0x00000000e7efebd8,0x00000000e7f00000)
  to   space 25088K, 0% used [0x00000000ea300000,0x00000000ea300000,0x00000000ebb80000)
 ParOldGen       total 117248K, used 43913K [0x00000000a0000000, 0x00000000a7280000, 0x00000000e0000000)
  object space 117248K, 37% used [0x00000000a0000000,0x00000000a2ae2588,0x00000000a7280000)
 Metaspace       used 68485K, capacity 71294K, committed 71600K, reserved 1112064K
  class space    used 8937K, capacity 9565K, committed 9648K, reserved 1048576K
GC Heap History (10 events):
Event: 1937.545 GC heap before
{Heap before GC invocations=18 (full 3):
 PSYoungGen      total 137216K, used 127847K [0x00000000e0000000, 0x00000000ea680000, 0x0000000100000000)
  eden space 117248K, 100% used [0x00000000e0000000,0x00000000e7280000,0x00000000e7280000)
  from space 19968K, 53% used [0x00000000e8580000,0x00000000e8fd9c58,0x00000000e9900000)
  to   space 19456K, 0% used [0x00000000e7280000,0x00000000e7280000,0x00000000e8580000)
 ParOldGen       total 117248K, used 41150K [0x00000000a0000000, 0x00000000a7280000, 0x00000000e0000000)
  object space 117248K, 35% used [0x00000000a0000000,0x00000000a282f928,0x00000000a7280000)
 Metaspace       used 58506K, capacity 61012K, committed 61104K, reserved 1101824K
  class space    used 7825K, capacity 8330K, committed 8368K, reserved 1048576K
Event: 1937.568 GC heap after
Heap after GC invocations=18 (full 3):
 PSYoungGen      total 130560K, used 16273K [0x00000000e0000000, 0x00000000e9880000, 0x0000000100000000)
  eden space 114176K, 0% used [0x00000000e0000000,0x00000000e0000000,0x00000000e6f80000)
  from space 16384K, 99% used [0x00000000e7280000,0x00000000e8264438,0x00000000e8280000)
  to   space 20992K, 0% used [0x00000000e8400000,0x00000000e8400000,0x00000000e9880000)
 ParOldGen       total 117248K, used 41150K [0x00000000a0000000, 0x00000000a7280000, 0x00000000e0000000)
  object space 117248K, 35% used [0x00000000a0000000,0x00000000a282f928,0x00000000a7280000)
 Metaspace       used 58506K, capacity 61012K, committed 61104K, reserved 1101824K
  class space    used 7825K, capacity 8330K, committed 8368K, reserved 1048576K
}
Event: 1948.139 GC heap before
{Heap before GC invocations=19 (full 3):
 PSYoungGen      total 130560K, used 130449K [0x00000000e0000000, 0x00000000e9880000, 0x0000000100000000)
  eden space 114176K, 100% used [0x00000000e0000000,0x00000000e6f80000,0x00000000e6f80000)
  from space 16384K, 99% used [0x00000000e7280000,0x00000000e8264438,0x00000000e8280000)
  to   space 20992K, 0% used [0x00000000e8400000,0x00000000e8400000,0x00000000e9880000)
 ParOldGen       total 117248K, used 41150K [0x00000000a0000000, 0x00000000a7280000, 0x00000000e0000000)
  object space 117248K, 35% used [0x00000000a0000000,0x00000000a282f928,0x00000000a7280000)
 Metaspace       used 62874K, capacity 65398K, committed 65584K, reserved 1105920K
  class space    used 8364K, capacity 8915K, committed 9008K, reserved 1048576K
Event: 1948.169 GC heap after
Heap after GC invocations=19 (full 3):
 PSYoungGen      total 131072K, used 15656K [0x00000000e0000000, 0x00000000e9780000, 0x0000000100000000)
  eden space 111104K, 0% used [0x00000000e0000000,0x00000000e0000000,0x00000000e6c80000)
  from space 19968K, 78% used [0x00000000e8400000,0x00000000e934a2d8,0x00000000e9780000)
  to   space 22016K, 0% used [0x00000000e6c80000,0x00000000e6c80000,0x00000000e8200000)
 ParOldGen       total 117248K, used 41158K [0x00000000a0000000, 0x00000000a7280000, 0x00000000e0000000)
  object space 117248K, 35% used [0x00000000a0000000,0x00000000a2831928,0x00000000a7280000)
 Metaspace       used 62874K, capacity 65398K, committed 65584K, reserved 1105920K
  class space    used 8364K, capacity 8915K, committed 9008K, reserved 1048576K
}
Event: 1953.376 GC heap before
{Heap before GC invocations=20 (full 3):
 PSYoungGen      total 131072K, used 125749K [0x00000000e0000000, 0x00000000e9780000, 0x0000000100000000)
  eden space 111104K, 99% used [0x00000000e0000000,0x00000000e6b83328,0x00000000e6c80000)
  from space 19968K, 78% used [0x00000000e8400000,0x00000000e934a2d8,0x00000000e9780000)
  to   space 22016K, 0% used [0x00000000e6c80000,0x00000000e6c80000,0x00000000e8200000)
 ParOldGen       total 117248K, used 41158K [0x00000000a0000000, 0x00000000a7280000, 0x00000000e0000000)
  object space 117248K, 35% used [0x00000000a0000000,0x00000000a2831928,0x00000000a7280000)
 Metaspace       used 64678K, capacity 67310K, committed 67632K, reserved 1107968K
  class space    used 8568K, capacity 9147K, committed 9264K, reserved 1048576K
Event: 1953.429 GC heap after
Heap after GC invocations=20 (full 3):
 PSYoungGen      total 122368K, used 13432K [0x00000000e0000000, 0x00000000e9400000, 0x0000000100000000)
  eden space 108544K, 0% used [0x00000000e0000000,0x00000000e0000000,0x00000000e6a00000)
  from space 13824K, 97% used [0x00000000e6c80000,0x00000000e799e0b0,0x00000000e7a00000)
  to   space 21504K, 0% used [0x00000000e7f00000,0x00000000e7f00000,0x00000000e9400000)
 ParOldGen       total 117248K, used 41166K [0x00000000a0000000, 0x00000000a7280000, 0x00000000e0000000)
  object space 117248K, 35% used [0x00000000a0000000,0x00000000a2833928,0x00000000a7280000)
 Metaspace       used 64678K, capacity 67310K, committed 67632K, reserved 1107968K
  class space    used 8568K, capacity 9147K, committed 9264K, reserved 1048576K
}
Event: 1953.460 GC heap before
{Heap before GC invocations=21 (full 3):
 PSYoungGen      total 122368K, used 120956K [0x00000000e0000000, 0x00000000e9400000, 0x0000000100000000)
  eden space 108544K, 99% used [0x00000000e0000000,0x00000000e6900f88,0x00000000e6a00000)
  from space 13824K, 97% used [0x00000000e6c80000,0x00000000e799e0b0,0x00000000e7a00000)
  to   space 21504K, 0% used [0x00000000e7f00000,0x00000000e7f00000,0x00000000e9400000)
 ParOldGen       total 117248K, used 41166K [0x00000000a0000000, 0x00000000a7280000, 0x00000000e0000000)
  object space 117248K, 35% used [0x00000000a0000000,0x00000000a2833928,0x00000000a7280000)
 Metaspace       used 64680K, capacity 67310K, committed 67632K, reserved 1107968K
  class space    used 8568K, capacity 9147K, committed 9264K, reserved 1048576K
Event: 1953.512 GC heap after
Heap after GC invocations=21 (full 3):
 PSYoungGen      total 130048K, used 12698K [0x00000000e0000000, 0x00000000eb680000, 0x0000000100000000)
  eden space 108544K, 0% used [0x00000000e0000000,0x00000000e0000000,0x00000000e6a00000)
  from space 21504K, 59% used [0x00000000e7f00000,0x00000000e8b66bb0,0x00000000e9400000)
  to   space 21504K, 0% used [0x00000000e6a00000,0x00000000e6a00000,0x00000000e7f00000)
 ParOldGen       total 117248K, used 41174K [0x00000000a0000000, 0x00000000a7280000, 0x00000000e0000000)
  object space 117248K, 35% used [0x00000000a0000000,0x00000000a2835928,0x00000000a7280000)
 Metaspace       used 64680K, capacity 67310K, committed 67632K, reserved 1107968K
  class space    used 8568K, capacity 9147K, committed 9264K, reserved 1048576K
}
Event: 1968.974 GC heap before
{Heap before GC invocations=22 (full 3):
 PSYoungGen      total 130048K, used 121242K [0x00000000e0000000, 0x00000000eb680000, 0x0000000100000000)
  eden space 108544K, 100% used [0x00000000e0000000,0x00000000e6a00000,0x00000000e6a00000)
  from space 21504K, 59% used [0x00000000e7f00000,0x00000000e8b66bb0,0x00000000e9400000)
  to   space 21504K, 0% used [0x00000000e6a00000,0x00000000e6a00000,0x00000000e7f00000)
 ParOldGen       total 117248K, used 41174K [0x00000000a0000000, 0x00000000a7280000, 0x00000000e0000000)
  object space 117248K, 35% used [0x00000000a0000000,0x00000000a2835928,0x00000000a7280000)
 Metaspace       used 68423K, capacity 71230K, committed 71344K, reserved 1112064K
  class space    used 8936K, capacity 9565K, committed 9648K, reserved 1048576K
Event: 1969.065 GC heap after
Heap after GC invocations=22 (full 3):
 PSYoungGen      total 130048K, used 21498K [0x00000000e0000000, 0x00000000ebb80000, 0x0000000100000000)
  eden space 108544K, 0% used [0x00000000e0000000,0x00000000e0000000,0x00000000e6a00000)
  from space 21504K, 99% used [0x00000000e6a00000,0x00000000e7efebd8,0x00000000e7f00000)
  to   space 25088K, 0% used [0x00000000ea300000,0x00000000ea300000,0x00000000ebb80000)
 ParOldGen       total 117248K, used 43913K [0x00000000a0000000, 0x00000000a7280000, 0x00000000e0000000)
  object space 117248K, 37% used [0x00000000a0000000,0x00000000a2ae2588,0x00000000a7280000)
 Metaspace       used 68423K, capacity 71230K, committed 71344K, reserved 1112064K
  class space    used 8936K, capacity 9565K, committed 9648K, reserved 1048576K
}

